[debug] [2022-05-21T14:08:51.793Z] ----------------------------------------------------------------------
[debug] [2022-05-21T14:08:51.796Z] Command:       C:\Program Files\nodejs\node.exe C:\Users\muthu\AppData\Roaming\npm\node_modules\firebase-tools\lib\bin\firebase.js login --reauth
[debug] [2022-05-21T14:08:51.797Z] CLI Version:   10.6.0
[debug] [2022-05-21T14:08:51.798Z] Platform:      win32
[debug] [2022-05-21T14:08:51.798Z] Node Version:  v16.14.2
[debug] [2022-05-21T14:08:51.800Z] Time:          Sat May 21 2022 19:38:51 GMT+0530 (India Standard Time)
[debug] [2022-05-21T14:08:51.800Z] ----------------------------------------------------------------------
[debug] 
[info] 
[info] Visit this URL on this device to log in:
[info] https://accounts.google.com/o/oauth2/auth?client_id=563584335869-fgrhgmd47bqnekij5i8b5pr03ho849e6.apps.googleusercontent.com&scope=email%20openid%20https%3A%2F%2Fwww.googleapis.com%2Fauth%2Fcloudplatformprojects.readonly%20https%3A%2F%2Fwww.googleapis.com%2Fauth%2Ffirebase%20https%3A%2F%2Fwww.googleapis.com%2Fauth%2Fcloud-platform&response_type=code&state=536328335&redirect_uri=http%3A%2F%2Flocalhost%3A9005
[info] 
[info] Waiting for authentication...
[debug] [2022-05-21T14:08:51.998Z] Error: spawn cmd ENOENT
    at Process.ChildProcess._handle.onexit (node:internal/child_process:283:19)
    at onErrorNT (node:internal/child_process:478:16)
    at processTicksAndRejections (node:internal/process/task_queues:83:21)
[error] 
[error] Error: An unexpected error has occurred.
[debug] [2022-05-21T14:09:32.471Z] ----------------------------------------------------------------------
[debug] [2022-05-21T14:09:32.474Z] Command:       C:\Program Files\nodejs\node.exe C:\Users\muthu\AppData\Roaming\npm\node_modules\firebase-tools\lib\bin\firebase.js login --debug
[debug] [2022-05-21T14:09:32.475Z] CLI Version:   10.6.0
[debug] [2022-05-21T14:09:32.475Z] Platform:      win32
[debug] [2022-05-21T14:09:32.476Z] Node Version:  v16.14.2
[debug] [2022-05-21T14:09:32.478Z] Time:          Sat May 21 2022 19:39:32 GMT+0530 (India Standard Time)
[debug] [2022-05-21T14:09:32.478Z] ----------------------------------------------------------------------
[debug] 
[info] i  Firebase optionally collects CLI usage and error reporting information to help improve our products. Data is collected in accordance with Google's privacy policy (https://policies.google.com/privacy) and is not used to identify you.
 
[info] 
[info] Visit this URL on this device to log in:
[info] https://accounts.google.com/o/oauth2/auth?client_id=563584335869-fgrhgmd47bqnekij5i8b5pr03ho849e6.apps.googleusercontent.com&scope=email%20openid%20https%3A%2F%2Fwww.googleapis.com%2Fauth%2Fcloudplatformprojects.readonly%20https%3A%2F%2Fwww.googleapis.com%2Fauth%2Ffirebase%20https%3A%2F%2Fwww.googleapis.com%2Fauth%2Fcloud-platform&response_type=code&state=207351658&redirect_uri=http%3A%2F%2Flocalhost%3A9005
[info] 
[info] Waiting for authentication...
[debug] [2022-05-21T14:09:35.372Z] Error: spawn cmd ENOENT
    at Process.ChildProcess._handle.onexit (node:internal/child_process:283:19)
    at onErrorNT (node:internal/child_process:478:16)
    at processTicksAndRejections (node:internal/process/task_queues:83:21)
[error] 
[error] Error: An unexpected error has occurred.
[debug] [2022-05-21T14:22:46.395Z] ----------------------------------------------------------------------
[debug] [2022-05-21T14:22:46.403Z] Command:       C:\Program Files\nodejs\node.exe C:\Users\muthu\AppData\Roaming\npm\node_modules\firebase-tools\lib\bin\firebase.js login
[debug] [2022-05-21T14:22:46.406Z] CLI Version:   10.6.0
[debug] [2022-05-21T14:22:46.406Z] Platform:      win32
[debug] [2022-05-21T14:22:46.407Z] Node Version:  v16.14.2
[debug] [2022-05-21T14:22:46.597Z] Time:          Sat May 21 2022 19:52:46 GMT+0530 (India Standard Time)
[debug] [2022-05-21T14:22:46.598Z] ----------------------------------------------------------------------
[debug] 
[info] i  Firebase optionally collects CLI usage and error reporting information to help improve our products. Data is collected in accordance with Google's privacy policy (https://policies.google.com/privacy) and is not used to identify you.
 
[info] i  To change your data collection preference at any time, run `firebase logout` and log in again. 
[info] 
[info] Visit this URL on this device to log in:
[info] https://accounts.google.com/o/oauth2/auth?client_id=563584335869-fgrhgmd47bqnekij5i8b5pr03ho849e6.apps.googleusercontent.com&scope=email%20openid%20https%3A%2F%2Fwww.googleapis.com%2Fauth%2Fcloudplatformprojects.readonly%20https%3A%2F%2Fwww.googleapis.com%2Fauth%2Ffirebase%20https%3A%2F%2Fwww.googleapis.com%2Fauth%2Fcloud-platform&response_type=code&state=331442774&redirect_uri=http%3A%2F%2Flocalhost%3A9005
[info] 
[info] Waiting for authentication...
[debug] [2022-05-21T14:22:51.692Z] Error: spawn cmd ENOENT
    at Process.ChildProcess._handle.onexit (node:internal/child_process:283:19)
    at onErrorNT (node:internal/child_process:478:16)
    at processTicksAndRejections (node:internal/process/task_queues:83:21)
[error] 
[error] Error: An unexpected error has occurred.
